<?xml version="1.0" encoding="UTF-8"?>
<!-- Generated by org.testng.reporters.JUnitReportReporter -->
<testsuite hostname="DESKTOP-LTAJADI" failures="0" tests="1" name="scripts.Script1" time="5.543" errors="0" timestamp="2022-12-22T17:01:33 IST" skipped="0">
  <testcase classname="scripts.Script1" name="createCustomer" time="5.543"/>
  <system-out/>
</testsuite> <!-- scripts.Script1 -->
